[INFO] Scanning for projects...
[INFO] 
[INFO] -----------------------------< ty:Atrbui >------------------------------
[INFO] Building Atrbui 0.0.1-SNAPSHOT
[INFO]   from pom.xml
[INFO] --------------------------------[ jar ]---------------------------------
[INFO] 
[INFO] --- resources:3.3.0:resources (default-resources) @ Atrbui ---
[WARNING] Using platform encoding (Cp1252 actually) to copy filtered resources, i.e. build is platform dependent!
[INFO] Copying 0 resource
[INFO] 
[INFO] --- compiler:3.10.1:compile (default-compile) @ Atrbui ---
[INFO] Nothing to compile - all classes are up to date
[INFO] 
[INFO] --- resources:3.3.0:testResources (default-testResources) @ Atrbui ---
[WARNING] Using platform encoding (Cp1252 actually) to copy filtered resources, i.e. build is platform dependent!
[INFO] Copying 0 resource
[INFO] 
[INFO] --- compiler:3.10.1:testCompile (default-testCompile) @ Atrbui ---
[INFO] Nothing to compile - all classes are up to date
[INFO] 
[INFO] --- surefire:3.0.0:test (default-test) @ Atrbui ---
[INFO] 
[INFO] --- resources:3.3.0:resources (default-resources) @ Atrbui ---
[WARNING] Using platform encoding (Cp1252 actually) to copy filtered resources, i.e. build is platform dependent!
[INFO] Copying 0 resource
[INFO] 
[INFO] --- compiler:3.10.1:compile (default-compile) @ Atrbui ---
[INFO] Nothing to compile - all classes are up to date
[INFO] 
[INFO] --- resources:3.3.0:testResources (default-testResources) @ Atrbui ---
[WARNING] Using platform encoding (Cp1252 actually) to copy filtered resources, i.e. build is platform dependent!
[INFO] Copying 0 resource
[INFO] 
[INFO] --- compiler:3.10.1:testCompile (default-testCompile) @ Atrbui ---
[INFO] Nothing to compile - all classes are up to date
[INFO] 
[INFO] --- surefire:3.0.0:test (default-test) @ Atrbui ---
[INFO] Skipping execution of surefire because it has already been run for this configuration
[INFO] 
[INFO] --- jar:3.3.0:jar (default-jar) @ Atrbui ---
[INFO] 
[INFO] --- install:3.1.0:install (default-install) @ Atrbui ---
[INFO] Installing C:\Users\thesu\eclipse-workspace\Atrbui\pom.xml to C:\Users\thesu\.m2\repository\ty\Atrbui\0.0.1-SNAPSHOT\Atrbui-0.0.1-SNAPSHOT.pom
[INFO] Installing C:\Users\thesu\eclipse-workspace\Atrbui\target\Atrbui-0.0.1-SNAPSHOT.jar to C:\Users\thesu\.m2\repository\ty\Atrbui\0.0.1-SNAPSHOT\Atrbui-0.0.1-SNAPSHOT.jar
[INFO] ------------------------------------------------------------------------
[INFO] BUILD SUCCESS
[INFO] ------------------------------------------------------------------------
[INFO] Total time:  3.046 s
[INFO] Finished at: 2023-06-02T18:48:30+05:30
[INFO] ------------------------------------------------------------------------
[WARNING] 
[WARNING] Plugin validation issues were detected in 2 plugin(s)
[WARNING] 
[WARNING]  * org.apache.maven.plugins:maven-compiler-plugin:3.10.1
[WARNING]  * org.apache.maven.plugins:maven-resources-plugin:3.3.0
[WARNING] 
[WARNING] For more or less details, use 'maven.plugin.validation' property with one of the values (case insensitive): [BRIEF, DEFAULT, VERBOSE]
[WARNING] 
